# JRE version: Java(TM) SE Runtime Environment (21.0+35) (build 21+35-LTS-2513)
# Java VM: Java HotSpot(TM) 64-Bit Server VM (21+35-LTS-2513, mixed mode, emulated-client, sharing, tiered, compressed oops, compressed class ptrs, g1 gc, windows-amd64)
GC Precious Log:
 CardTable entry size: 512
 Card Set container configuration: InlinePtr #cards 5 size 8 Array Of Cards #cards 12 size 40 Howl #buckets 4 coarsen threshold 1843 Howl Bitmap #cards 512 size 80 coarsen threshold 460 Card regions per heap region 1 cards per card region 2048
 CPUs: 4 total, 4 available
 Memory: 3901M
 Large Page Support: Disabled
 NUMA Support: Disabled
 Compressed Oops: Enabled (32-bit)
 Heap Region Size: 1M
 Heap Min Capacity: 8M
 Heap Initial Capacity: 62M
 Heap Max Capacity: 976M
 Pre-touch: Disabled
 Parallel Workers: 4
 Concurrent Workers: 1
 Concurrent Refinement Workers: 4
 Periodic GC: Disabled
Heap:
 garbage-first heap   total 51200K, used 27826K [0x00000000c3000000, 0x0000000100000000)
  region size 1024K, 7 young (7168K), 3 survivors (3072K)
 Metaspace       used 52691K, committed 53248K, reserved 1114112K
  class space    used 7495K, committed 7744K, reserved 1048576K
GC Heap History (20 events):
Event: 12.508 GC heap before
{Heap before GC invocations=3 (full 0):
 garbage-first heap   total 63488K, used 43834K [0x00000000c3000000, 0x0000000100000000)
  region size 1024K, 37 young (37888K), 3 survivors (3072K)
 Metaspace       used 19885K, committed 20224K, reserved 1114112K
  class space    used 2659K, committed 2816K, reserved 1048576K
}
Event: 12.515 GC heap after
{Heap after GC invocations=4 (full 0):
 garbage-first heap   total 63488K, used 13058K [0x00000000c3000000, 0x0000000100000000)
  region size 1024K, 5 young (5120K), 5 survivors (5120K)
 Metaspace       used 19885K, committed 20224K, reserved 1114112K
  class space    used 2659K, committed 2816K, reserved 1048576K
}
Event: 12.616 GC heap before
{Heap before GC invocations=4 (full 0):
 garbage-first heap   total 63488K, used 19202K [0x00000000c3000000, 0x0000000100000000)
  region size 1024K, 12 young (12288K), 5 survivors (5120K)
 Metaspace       used 21197K, committed 21504K, reserved 1114112K
  class space    used 2823K, committed 3008K, reserved 1048576K
}
Event: 12.621 GC heap after
{Heap after GC invocations=5 (full 0):
 garbage-first heap   total 63488K, used 13867K [0x00000000c3000000, 0x0000000100000000)
  region size 1024K, 1 young (1024K), 1 survivors (1024K)
 Metaspace       used 21197K, committed 21504K, reserved 1114112K
  class space    used 2823K, committed 3008K, reserved 1048576K
}
Event: 14.043 GC heap before
{Heap before GC invocations=6 (full 0):
 garbage-first heap   total 51200K, used 42539K [0x00000000c3000000, 0x0000000100000000)
  region size 1024K, 30 young (30720K), 1 survivors (1024K)
 Metaspace       used 24398K, committed 24768K, reserved 1114112K
  class space    used 3316K, committed 3456K, reserved 1048576K
}
Event: 14.047 GC heap after
{Heap after GC invocations=7 (full 0):
 garbage-first heap   total 51200K, used 16251K [0x00000000c3000000, 0x0000000100000000)
  region size 1024K, 4 young (4096K), 4 survivors (4096K)
 Metaspace       used 24398K, committed 24768K, reserved 1114112K
  class space    used 3316K, committed 3456K, reserved 1048576K
}
Event: 15.228 GC heap before
{Heap before GC invocations=7 (full 0):
 garbage-first heap   total 51200K, used 40827K [0x00000000c3000000, 0x0000000100000000)
  region size 1024K, 28 young (28672K), 4 survivors (4096K)
 Metaspace       used 27618K, committed 28096K, reserved 1114112K
  class space    used 3812K, committed 4032K, reserved 1048576K
}
Event: 15.234 GC heap after
{Heap after GC invocations=8 (full 0):
 garbage-first heap   total 51200K, used 17811K [0x00000000c3000000, 0x0000000100000000)
  region size 1024K, 2 young (2048K), 2 survivors (2048K)
 Metaspace       used 27618K, committed 28096K, reserved 1114112K
  class space    used 3812K, committed 4032K, reserved 1048576K
}
Event: 16.821 GC heap before
{Heap before GC invocations=8 (full 0):
 garbage-first heap   total 51200K, used 42387K [0x00000000c3000000, 0x0000000100000000)
  region size 1024K, 26 young (26624K), 2 survivors (2048K)
 Metaspace       used 31673K, committed 32128K, reserved 1114112K
  class space    used 4397K, committed 4608K, reserved 1048576K
}
Event: 16.829 GC heap after
{Heap after GC invocations=9 (full 0):
 garbage-first heap   total 51200K, used 20125K [0x00000000c3000000, 0x0000000100000000)
  region size 1024K, 4 young (4096K), 4 survivors (4096K)
 Metaspace       used 31673K, committed 32128K, reserved 1114112K
  class space    used 4397K, committed 4608K, reserved 1048576K
}
Event: 20.118 GC heap before
{Heap before GC invocations=9 (full 0):
 garbage-first heap   total 51200K, used 42653K [0x00000000c3000000, 0x0000000100000000)
  region size 1024K, 26 young (26624K), 4 survivors (4096K)
 Metaspace       used 35115K, committed 35648K, reserved 1114112K
  class space    used 4880K, committed 5120K, reserved 1048576K
}
Event: 20.124 GC heap after
{Heap after GC invocations=10 (full 0):
 garbage-first heap   total 51200K, used 21939K [0x00000000c3000000, 0x0000000100000000)
  region size 1024K, 2 young (2048K), 2 survivors (2048K)
 Metaspace       used 35115K, committed 35648K, reserved 1114112K
  class space    used 4880K, committed 5120K, reserved 1048576K
}
Event: 20.181 GC heap before
{Heap before GC invocations=10 (full 0):
 garbage-first heap   total 51200K, used 22963K [0x00000000c3000000, 0x0000000100000000)
  region size 1024K, 4 young (4096K), 2 survivors (2048K)
 Metaspace       used 35568K, committed 36096K, reserved 1114112K
  class space    used 4939K, committed 5184K, reserved 1048576K
}
Event: 20.182 GC heap after
{Heap after GC invocations=11 (full 0):
 garbage-first heap   total 51200K, used 21679K [0x00000000c3000000, 0x0000000100000000)
  region size 1024K, 2 young (2048K), 2 survivors (2048K)
 Metaspace       used 35568K, committed 36096K, reserved 1114112K
  class space    used 4939K, committed 5184K, reserved 1048576K
}
Event: 21.047 GC heap before
{Heap before GC invocations=12 (full 0):
 garbage-first heap   total 51200K, used 44207K [0x00000000c3000000, 0x0000000100000000)
  region size 1024K, 24 young (24576K), 2 survivors (2048K)
 Metaspace       used 41465K, committed 42112K, reserved 1114112K
  class space    used 5777K, committed 6080K, reserved 1048576K
}
Event: 21.051 GC heap after
{Heap after GC invocations=13 (full 0):
 garbage-first heap   total 51200K, used 22935K [0x00000000c3000000, 0x0000000100000000)
  region size 1024K, 3 young (3072K), 3 survivors (3072K)
 Metaspace       used 41465K, committed 42112K, reserved 1114112K
  class space    used 5777K, committed 6080K, reserved 1048576K
}
Event: 21.980 GC heap before
{Heap before GC invocations=13 (full 0):
 garbage-first heap   total 51200K, used 44439K [0x00000000c3000000, 0x0000000100000000)
  region size 1024K, 24 young (24576K), 3 survivors (3072K)
 Metaspace       used 46303K, committed 46912K, reserved 1114112K
  class space    used 6439K, committed 6720K, reserved 1048576K
}
Event: 21.987 GC heap after
{Heap after GC invocations=14 (full 0):
 garbage-first heap   total 51200K, used 23776K [0x00000000c3000000, 0x0000000100000000)
  region size 1024K, 3 young (3072K), 3 survivors (3072K)
 Metaspace       used 46303K, committed 46912K, reserved 1114112K
  class space    used 6439K, committed 6720K, reserved 1048576K
}
Event: 24.488 GC heap before
{Heap before GC invocations=14 (full 0):
 garbage-first heap   total 51200K, used 44256K [0x00000000c3000000, 0x0000000100000000)
  region size 1024K, 23 young (23552K), 3 survivors (3072K)
 Metaspace       used 52076K, committed 52672K, reserved 1114112K
  class space    used 7387K, committed 7680K, reserved 1048576K
}
Event: 24.492 GC heap after
{Heap after GC invocations=15 (full 0):
 garbage-first heap   total 51200K, used 24754K [0x00000000c3000000, 0x0000000100000000)
  region size 1024K, 3 young (3072K), 3 survivors (3072K)
 Metaspace       used 52076K, committed 52672K, reserved 1114112K
  class space    used 7387K, committed 7680K, reserved 1048576K
}

